<?xml version="1.0" encoding="UTF-8"?>
<!-- Generated by org.testng.reporters.JUnitReportReporter -->
<testsuite hostname="DESKTOP-2MO4JTO" name="com.inetBankingV1.TestCases.TC_AddCustomerTest_003" tests="1" failures="0" timestamp="14 Jan 2022 21:15:09 GMT" time="18.406" errors="0">
  <testcase name="addNewCustomer" time="18.406" classname="com.inetBankingV1.TestCases.TC_AddCustomerTest_003"/>
</testsuite> <!-- com.inetBankingV1.TestCases.TC_AddCustomerTest_003 -->
