<?xml version="1.0" encoding="UTF-8"?>
<!-- Generated by org.testng.reporters.JUnitReportReporter -->
<testsuite hostname="DESKTOP-2MO4JTO" name="com.inetBankingV1.TestCases.TC_LoginTest_001" tests="1" failures="0" timestamp="14 Jan 2022 21:15:09 GMT" time="2.203" errors="0">
  <testcase name="LoginTest" time="2.203" classname="com.inetBankingV1.TestCases.TC_LoginTest_001"/>
</testsuite> <!-- com.inetBankingV1.TestCases.TC_LoginTest_001 -->
