<?xml version="1.0" encoding="UTF-8"?>
<!-- Generated by org.testng.reporters.JUnitReportReporter -->
<testsuite skipped="0" hostname="DESKTOP-2MO4JTO" name="com.inetBankingV1.TestCases.TC_LoginTest_001" tests="1" failures="0" timestamp="2022-01-17T00:43:07 IST" time="2.167" errors="0">
  <testcase name="LoginTest" time="2.167" classname="com.inetBankingV1.TestCases.TC_LoginTest_001"/>
  <system-out/>
</testsuite> <!-- com.inetBankingV1.TestCases.TC_LoginTest_001 -->
